<?xml version="1.0" encoding="UTF-8"?>
<testng-results ignored="0" total="2" passed="2" failed="0" skipped="0">
  <reporter-output>
  </reporter-output>
  <suite started-at="2024-11-18T12:43:01 IST" name="Default suite" finished-at="2024-11-18T12:43:12 IST" duration-ms="10593">
    <groups>
      <group name="cucumber">
        <method signature="AbstractTestNGCucumberTests.runScenario(io.cucumber.testng.PickleWrapper,io.cucumber.testng.FeatureWrapper)[pri:0, instance:runners.MyTestRunner@48f2bd5b]" name="runScenario" class="io.cucumber.testng.AbstractTestNGCucumberTests"/>
      </group> <!-- cucumber -->
    </groups>
    <test started-at="2024-11-18T12:43:01 IST" name="Default test" finished-at="2024-11-18T12:43:12 IST" duration-ms="10593">
      <class name="runners.MyTestRunner">
        <test-method is-config="true" signature="setUpClass(org.testng.ITestContext)[pri:0, instance:runners.MyTestRunner@48f2bd5b]" started-at="2024-11-18T12:43:01 IST" name="setUpClass" finished-at="2024-11-18T12:43:03 IST" duration-ms="1269" status="PASS">
          <params>
            <param index="0">
              <value>
                <![CDATA[org.testng.TestRunner@205bed61]]>
              </value>
            </param>
          </params>
          <reporter-output>
          </reporter-output>
        </test-method> <!-- setUpClass -->
        <test-method signature="runScenario(io.cucumber.testng.PickleWrapper,io.cucumber.testng.FeatureWrapper)[pri:0, instance:runners.MyTestRunner@48f2bd5b]" started-at="2024-11-18T12:43:03 IST" name="runScenario" description="Runs Cucumber Scenarios" data-provider="scenarios" finished-at="2024-11-18T12:43:10 IST" duration-ms="6952" status="PASS">
          <params>
            <param index="0">
              <value>
                <![CDATA["Selenium SearchAdd item to cart"]]>
              </value>
            </param>
            <param index="1">
              <value>
                <![CDATA["Place Order"]]>
              </value>
            </param>
          </params>
          <reporter-output>
          </reporter-output>
        </test-method> <!-- runScenario -->
        <test-method signature="runScenario(io.cucumber.testng.PickleWrapper,io.cucumber.testng.FeatureWrapper)[pri:0, instance:runners.MyTestRunner@48f2bd5b]" started-at="2024-11-18T12:43:10 IST" name="runScenario" description="Runs Cucumber Scenarios" data-provider="scenarios" finished-at="2024-11-18T12:43:12 IST" duration-ms="2269" status="PASS">
          <params>
            <param index="0">
              <value>
                <![CDATA["Checkout order"]]>
              </value>
            </param>
            <param index="1">
              <value>
                <![CDATA["Place Order"]]>
              </value>
            </param>
          </params>
          <reporter-output>
          </reporter-output>
        </test-method> <!-- runScenario -->
        <test-method is-config="true" signature="tearDownClass()[pri:0, instance:runners.MyTestRunner@48f2bd5b]" started-at="2024-11-18T12:43:12 IST" name="tearDownClass" finished-at="2024-11-18T12:43:12 IST" duration-ms="34" status="PASS">
          <reporter-output>
          </reporter-output>
        </test-method> <!-- tearDownClass -->
      </class> <!-- runners.MyTestRunner -->
    </test> <!-- Default test -->
  </suite> <!-- Default suite -->
</testng-results>
